16:12:20 **** Build of configuration Debug for project Lab_2 ****
make -r -j4 all 
Building file: ../src/Lab_2.c
Building file: ../src/cr_startup_lpc175x_6x.c
Building file: ../src/crp.c
Invoking: MCU C Compiler
arm-none-eabi-gcc -DDEBUG -D__CODE_RED -DCORE_M3 -D__USE_CMSIS=CMSIS_CORE_LPC17xx -D__LPC17XX__ -D__REDLIB__ -I"C:\Users\IvoLuísMartinhoPerei\Desktop\SE\CMSIS_CORE_LPC17xx\inc" -I"C:\Users\IvoLuísMartinhoPerei\Desktop\SE\SE1819\inc" -O0 -fno-common -g3 -Wall -c -fmessage-length=0 -fno-builtin -ffunction-sections -fdata-sections -mcpu=cortex-m3 -mthumb -specs=redlib.specs -MMD -MP -MF"src/Lab_2.d" -MT"src/Lab_2.o" -MT"src/Lab_2.d" -o "src/Lab_2.o" "../src/Lab_2.c"
Invoking: MCU C Compiler
arm-none-eabi-gcc -DDEBUG -D__CODE_RED -DCORE_M3 -D__USE_CMSIS=CMSIS_CORE_LPC17xx -D__LPC17XX__ -D__REDLIB__ -I"C:\Users\IvoLuísMartinhoPerei\Desktop\SE\CMSIS_CORE_LPC17xx\inc" -I"C:\Users\IvoLuísMartinhoPerei\Desktop\SE\SE1819\inc" -O0 -fno-common -g3 -Wall -c -fmessage-length=0 -fno-builtin -ffunction-sections -fdata-sections -mcpu=cortex-m3 -mthumb -specs=redlib.specs -MMD -MP -MF"src/cr_startup_lpc175x_6x.d" -MT"src/cr_startup_lpc175x_6x.o" -MT"src/cr_startup_lpc175x_6x.d" -o "src/cr_startup_lpc175x_6x.o" "../src/cr_startup_lpc175x_6x.c"
Invoking: MCU C Compiler
arm-none-eabi-gcc -DDEBUG -D__CODE_RED -DCORE_M3 -D__USE_CMSIS=CMSIS_CORE_LPC17xx -D__LPC17XX__ -D__REDLIB__ -I"C:\Users\IvoLuísMartinhoPerei\Desktop\SE\CMSIS_CORE_LPC17xx\inc" -I"C:\Users\IvoLuísMartinhoPerei\Desktop\SE\SE1819\inc" -O0 -fno-common -g3 -Wall -c -fmessage-length=0 -fno-builtin -ffunction-sections -fdata-sections -mcpu=cortex-m3 -mthumb -specs=redlib.specs -MMD -MP -MF"src/crp.d" -MT"src/crp.o" -MT"src/crp.d" -o "src/crp.o" "../src/crp.c"
../src/Lab_2.c:12:10: fatal error: LPC17xx.h: No such file or directory
 #include "LPC17xx.h"
          ^~~~~~~~~~~
compilation terminated.
make: *** [src/Lab_2.o] Error 1
make: *** Waiting for unfinished jobs....
Finished building: ../src/crp.c
 
Finished building: ../src/cr_startup_lpc175x_6x.c
 

16:12:21 Build Finished (took 424ms)

